mode: set
piktr/app/inmemory/inmemory.go:15.50,20.2 1 1
piktr/app/inmemory/inmemory.go:22.54,34.2 4 1
piktr/app/inmemory/inmemory.go:36.66,40.31 3 1
piktr/app/inmemory/inmemory.go:45.2,45.17 1 0
piktr/app/inmemory/inmemory.go:40.31,41.19 1 1
piktr/app/inmemory/inmemory.go:41.19,43.4 1 1
piktr/app/inmemory/inmemory.go:48.59,54.32 4 0
piktr/app/inmemory/inmemory.go:58.2,58.19 1 0
piktr/app/inmemory/inmemory.go:54.32,56.3 1 0
piktr/app/inmemory/inmemory.go:61.56,65.32 3 0
piktr/app/inmemory/inmemory.go:71.2,71.12 1 0
piktr/app/inmemory/inmemory.go:65.32,66.24 1 0
piktr/app/inmemory/inmemory.go:66.24,68.4 1 0
piktr/app/inmemory/inmemory.go:74.50,78.32 3 0
piktr/app/inmemory/inmemory.go:83.2,83.12 1 0
piktr/app/inmemory/inmemory.go:78.32,79.20 1 0
piktr/app/inmemory/inmemory.go:79.20,81.4 1 0
